[2025-05-22 17:41:03] USER Yullkk1: /start
[2025-05-22 17:42:49] USER Yullkk1: /start
[2025-05-22 17:42:49] BOT: None
[2025-05-22 17:46:16] USER Yullkk1: /start
[2025-05-22 17:46:58] USER Yullkk1: 📚 Выбрать жанр
[2025-05-22 17:47:04] USER Yullkk1: 🔍 Поиск книги по слову
[2025-05-22 17:47:14] USER Yullkk1: 👨‍📚 Поиск книги по автору
[2025-05-22 17:47:24] USER Yullkk1: ❓ Помощь
[2025-05-22 17:57:43] USER Yullkk1: Привет! Я BookBot. Выберите опцию:
[2025-05-22 17:57:49] USER Yullkk1: Привет! Я BookBot. Выберите опцию:
[2025-05-22 17:58:07] USER Yullkk1: Привет! Я BookBot. Выберите опцию:
[2025-05-22 17:58:14] BOT: 📚 Случайная книга:
Название: The transcendental murder
Автор: Jane Langton
Год: 1964

[2025-05-22 17:58:21] BOT: 📚 Случайная книга:
Название: Help During Grief
Автор: J. Mark Ammerman
Год: 1996

[2025-05-22 17:58:25] USER Yullkk1: Выберите жанр:
[2025-05-22 18:00:37] USER Yullkk1: Привет! Я BookBot. Выберите опцию:
[2025-05-22 18:00:41] BOT: 📚 Случайная книга:
Название: 13993 - 24347, Index : Aus : Bibliographie der Photographie
Автор: Frank Heidtmann
Год: 1900

[2025-05-22 18:00:55] BOT: 📚 Случайная книга:
Название: The rocky road to romance
Автор: Janet Evanovich
Год: 1991

[2025-05-22 18:00:59] USER Yullkk1: Выберите жанр:
[2025-05-22 18:05:23] USER Yullkk1: Привет! Я BookBot. Выберите опцию:
[2025-05-22 18:05:34] USER Yullkk1: Выберите жанр:
[2025-05-22 18:05:40] USER Yullkk1: 🔍 Поиск книги по слову
[2025-05-22 18:05:46] USER Yullkk1: None
[2025-05-22 18:08:54] USER Yullkk1: /start
[2025-05-22 18:09:01] USER Yullkk1: 📚 Выбрать жанр
[2025-05-22 18:09:04] USER Yullkk1: 🔍 Поиск книги по слову
[2025-05-22 18:12:10] USER Yullkk1: Привет! Я BookBot. Выберите опцию:
[2025-05-22 18:12:19] BOT: 📚 Случайная книга:
Название: Further papers relative to the present working of the "liquor laws" in Canada (in continuation of [C.-6276], February 1891)
Автор: Rand McNally
Год: 2004

[2025-05-22 18:12:36] USER Yullkk1: Выберите жанр:
[2025-05-22 18:12:55] USER Yullkk1: Введите слово для поиска:
[2025-05-22 18:13:02] BOT: 📖 <b>Любовь, любовь, любовь. О разных способах улучшения отношений, о приятии других и себя</b>
👤 Лиз Бурбо
🔗 https://play.google.com/store/books/details?id=QECFDwAAQBAJ&source=gbs_api
[2025-05-22 18:13:16] USER Yullkk1: Введите фамилию и имя автора на английском:
[2025-05-22 18:13:21] BOT: 📚 Книга автора 'Stephen King':
Название: Carrie
Автор: Stephen King
Год: 1974
[2025-05-22 18:13:25] USER Yullkk1: Я могу помочь вам найти книги! Вот что я умею:
1. 📖 Случайная книга - Получите информацию о случайной книге.
2. 📚 Выбрать жанр - Выберите жанр книги, чтобы просмотреть доступные книги.
3. 🔍 Поиск книги по слову - Введите слово для поиска книг по названию.
4. 👨‍📚 Поиск книги по автору - Введите имя автора для поиска книг.

[2025-05-22 18:16:48] USER Yullkk1: Привет! Я BookBot. Выберите опцию:
[2025-05-22 18:16:54] BOT: 📚 Случайная книга:
Название: Set #18
Автор: Doodle Art
Год: 2002

[2025-05-22 18:16:58] BOT: 📚 Случайная книга:
Название: Ireland and her neighbors in the seventh century
Автор: Richter, Michael Professor Dr.
Год: 1999

[2025-05-22 18:17:00] USER Yullkk1: Выберите жанр:
[2025-05-22 18:17:06] USER Yullkk1: Введите слово для поиска:
[2025-05-22 18:17:10] BOT: Вы искали: Любовь
[2025-05-22 18:17:11] BOT: 📖 <b>Любовь, любовь, любовь. О разных способах улучшения отношений, о приятии других и себя</b>
👤 Лиз Бурбо
🔗 https://play.google.com/store/books/details?id=QECFDwAAQBAJ&source=gbs_api
[2025-05-22 18:17:19] USER Yullkk1: Введите фамилию и имя автора на английском:
[2025-05-22 18:17:23] BOT: Вы искали книги автора: Stephen King
[2025-05-22 18:17:24] BOT: 📚 Книга автора 'Stephen King':
Название: Carrie
Автор: Stephen King
Год: 1974
[2025-05-22 18:17:28] USER Yullkk1: Я могу помочь вам найти книги! Вот что я умею:
1. 📖 Случайная книга - Получите информацию о случайной книге.
2. 📚 Выбрать жанр - Выберите жанр книги, чтобы просмотреть доступные книги.
3. 🔍 Поиск книги по слову - Введите слово для поиска книг по названию.
4. 👨‍📚 Поиск книги по автору - Введите имя автора для поиска книг.

[2025-05-26 00:41:24] USER Yullkk1: Привет! Я BookBot. Выберите опцию:
[2025-05-26 00:41:34] USER Yullkk1: Выберите жанр:
[2025-05-26 00:41:51] USER Yullkk1: Введите слово для поиска:
[2025-05-26 00:41:55] BOT: Вы искали: Любовь
[2025-05-26 00:41:56] BOT: 📖 <b>Любовь, любовь, любовь. О разных способах улучшения отношений, о приятии других и себя</b>
👤 Лиз Бурбо
🔗 https://play.google.com/store/books/details?id=QECFDwAAQBAJ&source=gbs_api
[2025-05-26 00:42:05] USER Yullkk1: Введите фамилию и имя автора на английском:
[2025-05-26 00:42:18] BOT: Вы искали книги автора: Stephen King
[2025-05-26 00:42:19] BOT: 📚 Книга автора 'Stephen King':
Название: Carrie
Автор: Stephen King
Год: 1974
[2025-05-26 00:42:35] USER Yullkk1: Я могу помочь вам найти книги! Вот что я умею:
1. 📖 Случайная книга - Получите информацию о случайной книге.
2. 📚 Выбрать жанр - Выберите жанр книги, чтобы просмотреть доступные книги.
3. 🔍 Поиск книги по слову - Введите слово для поиска книг по названию.
4. 👨‍📚 Поиск книги по автору - Введите имя автора для поиска книг.

[2025-05-26 01:02:31] USER Yullkk1: Введите слово для поиска:
[2025-05-26 01:02:32] BOT: Вы искали: 📚 Выбрать жанр
[2025-05-26 01:02:33] BOT: Книги с таким словом в названии не найдены.
[2025-05-26 01:02:35] USER Yullkk1: Выберите жанр:
[2025-05-26 01:12:25] USER Yullkk1: Привет! Я BookBot. Выберите опцию:
[2025-05-26 01:12:28] USER Yullkk1: Введите рейтинг книги для поиска:
Доступные варианты: One, Two, Three, Four, Five
Например: Three
[2025-05-26 01:14:14] USER Yullkk1: Введите рейтинг книги для поиска:
Доступные варианты: One, Two, Three, Four, Five
Например: Three
[2025-05-26 01:14:19] BOT: [{'title': 'Ошибка запроса', 'price': '-', 'availability': '-', 'rating': '400 Client Error: Bad Request for url: http://books.toscrape.com/catalogue/page-1.html'}]
[2025-05-26 01:14:49] USER Yullkk1: Введите рейтинг книги для поиска:
Доступные варианты: One, Two, Three, Four, Five
Например: Three
[2025-05-26 01:14:54] BOT: [{'title': 'Ошибка запроса', 'price': '-', 'availability': '-', 'rating': '400 Client Error: Bad Request for url: http://books.toscrape.com/catalogue/page-1.html'}]
[2025-05-26 01:15:50] USER Yullkk1: Введите рейтинг книги для поиска:
Доступные варианты: One, Two, Three, Four, Five
Например: Three
[2025-05-26 01:15:55] BOT: [{'title': 'Ошибка запроса', 'price': '-', 'availability': '-', 'rating': '400 Client Error: Bad Request for url: http://books.toscrape.com/1.html'}]
[2025-05-26 01:19:28] USER Yullkk1: Введите рейтинг книги для поиска:
Доступные варианты: One, Two, Three, Four, Five
Например: Three
[2025-05-26 01:19:31] BOT: Книги с указанным рейтингом не найдены.
[2025-05-26 01:19:36] USER Yullkk1: Введите рейтинг книги для поиска:
Доступные варианты: One, Two, Three, Four, Five
Например: Three
[2025-05-26 01:19:40] BOT: Книги с указанным рейтингом не найдены.
[2025-05-26 01:19:44] USER Yullkk1: Введите рейтинг книги для поиска:
Доступные варианты: One, Two, Three, Four, Five
Например: Three
[2025-05-26 01:19:50] BOT: Книги с указанным рейтингом не найдены.
[2025-05-26 01:19:52] USER Yullkk1: Введите рейтинг книги для поиска:
Доступные варианты: One, Two, Three, Four, Five
Например: Three
[2025-05-26 01:20:00] BOT: Книги с указанным рейтингом не найдены.
[2025-05-26 01:20:03] USER Yullkk1: Введите рейтинг книги для поиска:
Доступные варианты: One, Two, Three, Four, Five
Например: Three
[2025-05-26 01:20:07] BOT: Книги с указанным рейтингом не найдены.
[2025-05-26 01:24:13] USER Yullkk1: Введите рейтинг книги для поиска:
Доступные варианты: One, Two, Three, Four, Five
Например: Three
[2025-05-26 01:24:17] BOT: Книги с указанным рейтингом не найдены.
[2025-05-26 01:25:22] USER Yullkk1: Введите рейтинг книги для поиска:
Доступные варианты: One, Two, Three, Four, Five
Например: Three
[2025-05-26 01:26:33] BOT: 📚 Случайная книга:
Название: An sha 3322
Автор: Wang, Meng.
Год: 1995

[2025-05-26 01:26:37] BOT: 📚 Случайная книга:
Название: §§ 95-117
Автор: Klaus J. Hopt, Markus Roth, Michael Kort, Sebastian Mock
Год: 2005

[2025-05-26 01:26:40] BOT: 📚 Случайная книга:
Название: Meseker
Автор: Ṣega Mangašā.
Год: Неизвестен

[2025-05-26 01:27:21] USER Yullkk1: Введите рейтинг книги для поиска:
Доступные варианты: One, Two, Three, Four, Five
Например: Three
[2025-05-26 01:27:23] BOT: Неверный рейтинг. Пожалуйста, введите один из: One, Two, Three, Four, Five.
[2025-05-26 01:27:41] USER Yullkk1: Введите рейтинг книги для поиска:
Доступные варианты: One, Two, Three, Four, Five
Например: Three
[2025-05-26 01:27:44] BOT: Книги с указанным рейтингом не найдены.
[2025-05-26 01:30:52] BOT: Неверный рейтинг. Пожалуйста, введите один из: One, Two, Three, Four, Five.
[2025-05-26 01:30:55] BOT: Книги с указанным рейтингом не найдены.
[2025-05-26 01:31:04] BOT: Неверный рейтинг. Пожалуйста, введите один из: One, Two, Three, Four, Five.
[2025-05-26 01:31:09] BOT: Книги с указанным рейтингом не найдены.
[2025-05-26 01:41:44] USER Yullkk1: Привет! Я BookBot. Выберите опцию:
[2025-05-26 01:41:49] BOT: 📚 Случайная книга:
Название: Party competition in Wyoming: countywide offices, 1970
Автор: Sami G. Hajjar
Год: 1971

[2025-05-26 02:15:05] BOT: 📚 Случайная книга:
Название: Dialoghi d'autore
Автор: Francesco Gurrieri
Год: 2001

[2025-05-26 02:15:05] USER Yullkk1: Выберите жанр:
[2025-05-26 02:15:05] USER Yullkk1: Введите слово для поиска:
[2025-05-26 02:15:05] USER Yullkk1: Введите фамилию и имя автора на английском:
[2025-05-26 02:15:05] USER Yullkk1: Я могу помочь вам найти книги! Вот что я умею:
1. 📖 Случайная книга - Получите информацию о случайной книге.
2. 📚 Выбрать жанр - Выберите жанр книги, чтобы просмотреть доступные книги.
3. 🔍 Поиск книги по слову - Введите слово для поиска книг по названию.
4. 👨‍📚 Поиск книги по автору - Введите имя автора для поиска книг.

[2025-05-26 02:15:05] USER Yullkk1: Привет! Я BookBot. Выберите опцию:
[2025-05-26 02:15:06] USER Yullkk1: Привет! Я BookBot. Выберите опцию:
[2025-05-26 02:15:06] USER Yullkk1: Привет! Я BookBot. Выберите опцию:
[2025-05-26 02:15:06] USER Yullkk1: Привет! Я BookBot. Выберите опцию:
[2025-05-26 02:15:06] USER Yullkk1: Привет! Я BookBot. Выберите опцию:
[2025-05-26 02:15:06] USER Yullkk1: Привет! Я BookBot. Выберите опцию:
[2025-05-26 02:15:06] USER Yullkk1: Привет! Я BookBot. Выберите опцию:
[2025-05-26 02:15:21] BOT: Вы искали: /start
[2025-05-26 02:15:21] BOT: Вы искали книги автора: /start
[2025-05-26 02:15:23] BOT: 📖 <b>Storyscaping</b>
👤 Gaston Legorburu, Darren McColl
🔗 https://play.google.com/store/books/details?id=7EicAgAAQBAJ&source=gbs_api
[2025-05-26 02:15:23] BOT: 📚 Книга автора '/start':
Название: Changing Habits Strategy
Автор: Start Self Help
Год: 2020
[2025-05-26 02:15:31] USER Yullkk1: Привет! Я BookBot. Выберите опцию:
[2025-05-26 02:15:35] BOT: 📚 Случайная книга:
Название: Iruḷa merugu
Автор: P. T. Narasimhachar
Год: 1974

[2025-05-26 02:15:38] USER Yullkk1: Выберите жанр:
[2025-05-26 02:15:43] USER Yullkk1: Введите слово для поиска:
[2025-05-26 02:15:51] BOT: Вы искали: Парус
[2025-05-26 02:15:53] BOT: 📖 <b>Белеет парус одинокий</b>
👤 Катаев В.П.
🔗 http://books.google.ru/books?id=QRk6bV_V7HwC&dq=intitle:%D0%9F%D0%B0%D1%80%D1%83%D1%81&hl=&source=gbs_api
[2025-05-26 02:15:58] USER Yullkk1: Введите фамилию и имя автора на английском:
[2025-05-26 02:16:10] BOT: Вы искали книги автора: Abram’s
[2025-05-26 02:16:12] BOT: 📚 Книга автора 'Abram’s':
Название: L'OMBRE D'UNE NUIT
Автор: Ak Abram'S
Год: 2012
[2025-05-26 02:16:18] USER Yullkk1: Я могу помочь вам найти книги! Вот что я умею:
1. 📖 Случайная книга - Получите информацию о случайной книге.
2. 📚 Выбрать жанр - Выберите жанр книги, чтобы просмотреть доступные книги.
3. 🔍 Поиск книги по слову - Введите слово для поиска книг по названию.
4. 👨‍📚 Поиск книги по автору - Введите имя автора для поиска книг.

[2025-05-26 02:25:51] USER Yullkk1: Привет! Я BookBot. Выберите опцию:
[2025-05-26 02:26:08] BOT: 📚 Случайная книга:
Название: Leprosy research ; rehabilitation, social & medical
Автор: J. M. Mehta
Год: 1977

[2025-05-26 02:29:50] USER Yullkk1: Привет! Я BookBot. Выберите опцию:
[2025-05-26 02:29:54] BOT: 🏆 Топ 5 книг:
Название: Ошибка запроса
Цена: -
Наличие: -
Рейтинг: 400 Client Error: Bad Request for url: http://books.toscrape.com/catalogue/page-1.html


[2025-05-26 02:31:16] USER Yullkk1: Привет! Я BookBot. Выберите опцию:
[2025-05-26 02:31:21] BOT: 🏆 Топ 5 книг:
Название: Ошибка запроса
Цена: -
Наличие: -
Рейтинг: 400 Client Error: Bad Request for url: http://books.toscrape.com/1.html


[2025-05-26 02:32:13] BOT: 🏆 Топ 5 книг:
Название: Ошибка запроса
Цена: -
Наличие: -
Рейтинг: HTTPConnectionPool(host='books.toscrape.com1.html', port=80): Max retries exceeded with url: / (Caused by NameResolutionError("<urllib3.connection.HTTPConnection object at 0x000001598FD4FAA0>: Failed to resolve 'books.toscrape.com1.html' ([Errno 11001] getaddrinfo failed)"))


[2025-05-26 02:33:14] BOT: 🏆 Топ 5 книг:
Название: Ошибка запроса
Цена: -
Наличие: -
Рейтинг: 400 Client Error: Bad Request for url: http://books.toscrape.com/catalogue/category/books_1/index.html1.html


[2025-05-26 02:34:14] BOT: Произошла ошибка при получении топ-книг.
[2025-05-26 02:34:21] BOT: Произошла ошибка при получении топ-книг.
[2025-05-26 02:34:23] BOT: Произошла ошибка при получении топ-книг.
[2025-05-26 02:35:38] BOT: 🏆 Топ 5 книг:
Название: Ошибка запроса
Цена: -
Наличие: -
Рейтинг: 400 Client Error: Bad Request for url: http://books.toscrape.com/catalogue/category/books_1/index.html1.html


[2025-05-26 02:36:02] BOT: 🏆 Топ 5 книг:
Название: Ошибка запроса
Цена: -
Наличие: -
Рейтинг: 400 Client Error: Bad Request for url: http://books.toscrape.com/1.html


[2025-05-26 02:38:48] BOT: 🏆 Топ 5 книг:
Название: Sapiens: A Brief History of Humankind
Цена: Â£54.23
Наличие: In stock
Рейтинг: 5

Название: Set Me Free
Цена: Â£17.46
Наличие: In stock
Рейтинг: 5

Название: Scott Pilgrim's Precious Little Life (Scott Pilgrim #1)
Цена: Â£52.29
Наличие: In stock
Рейтинг: 5

Название: Rip it Up and Start Again
Цена: Â£35.02
Наличие: In stock
Рейтинг: 5

Название: Chase Me (Paris Nights #2)
Цена: Â£25.27
Наличие: In stock
Рейтинг: 5


[2025-05-26 02:39:01] BOT: 🏆 Топ 5 книг:
Название: Sapiens: A Brief History of Humankind
Цена: Â£54.23
Наличие: In stock
Рейтинг: 5

Название: Set Me Free
Цена: Â£17.46
Наличие: In stock
Рейтинг: 5

Название: Scott Pilgrim's Precious Little Life (Scott Pilgrim #1)
Цена: Â£52.29
Наличие: In stock
Рейтинг: 5

Название: Rip it Up and Start Again
Цена: Â£35.02
Наличие: In stock
Рейтинг: 5

Название: Chase Me (Paris Nights #2)
Цена: Â£25.27
Наличие: In stock
Рейтинг: 5


[2025-05-26 02:40:33] USER Yullkk1: Привет! Я BookBot. Выберите опцию:
[2025-05-26 02:40:37] BOT: 📚 Случайная книга:
Название: Örtliche Unfallerhebungen
Автор: Неизвестен
Год: 1978

[2025-05-26 02:40:42] BOT: 📚 Случайная книга:
Название: Boca National Mechanical Code, 1990 (#345-90)
Автор: Building Officials and Code Administrators International.
Год: 1990

[2025-05-26 02:40:48] USER Yullkk1: Выберите жанр:
[2025-05-26 02:40:56] USER Yullkk1: Введите слово для поиска:
[2025-05-26 02:41:01] BOT: Вы искали: Мечта
[2025-05-26 02:41:03] BOT: 📖 <b>Мечта и мысль И.С. Тургенева</b>
👤 Михаил Осипович Гершензон
🔗 http://books.google.ru/books?id=m2xs9VPs3dQC&dq=intitle:%D0%9C%D0%B5%D1%87%D1%82%D0%B0&hl=&source=gbs_api
[2025-05-26 02:41:08] USER Yullkk1: Введите фамилию и имя автора на английском:
[2025-05-26 02:41:15] BOT: Вы искали книги автора: Abram’s
[2025-05-26 02:41:17] BOT: 📚 Книга автора 'Abram’s':
Название: L'OMBRE D'UNE NUIT
Автор: Ak Abram'S
Год: 2012
[2025-05-26 02:41:32] BOT: 🏆 Топ 5 книг:
Название: Sapiens: A Brief History of Humankind
Цена: Â£54.23
Наличие: In stock
Рейтинг: 5

Название: Set Me Free
Цена: Â£17.46
Наличие: In stock
Рейтинг: 5

Название: Scott Pilgrim's Precious Little Life (Scott Pilgrim #1)
Цена: Â£52.29
Наличие: In stock
Рейтинг: 5

Название: Rip it Up and Start Again
Цена: Â£35.02
Наличие: In stock
Рейтинг: 5

Название: Chase Me (Paris Nights #2)
Цена: Â£25.27
Наличие: In stock
Рейтинг: 5


[2025-05-26 02:41:41] USER Yullkk1: Я могу помочь вам найти книги! Вот что я умею:
1. 📖 Случайная книга - Получите информацию о случайной книге.
2. 📚 Выбрать жанр - Выберите жанр книги, чтобы просмотреть доступные книги.
3. 🔍 Поиск книги по слову - Введите слово для поиска книг по названию.
4. 👨‍📚 Поиск книги по автору - Введите имя автора для поиска книг.
5. 🏆 Топ книг - Получите информацию о топе из 5 книг.

[2025-05-26 02:43:00] USER Yullkk1: Привет! Я BookBot. Выберите опцию:
[2025-05-26 02:48:17] USER Yullkk1: Привет! Я BookBot. Выберите опцию:
[2025-05-26 02:48:22] BOT: 📚 Случайная книга:
Название: Index to the Journal of the Senate of Pennsylvania, session 1807-8
Автор: Pennsylvania. General Assembly. Senate.
Год: 1808

[2025-05-26 02:48:26] USER Yullkk1: Выберите жанр:
[2025-05-26 02:48:33] USER Yullkk1: Введите слово для поиска:
[2025-05-26 02:48:40] BOT: Вы искали: Лужа
[2025-05-26 02:48:41] BOT: 📖 <b>Лужа</b>
👤 Борис Алексеев
🔗 https://play.google.com/store/books/details?id=Ms8VEAAAQBAJ&source=gbs_api
[2025-05-26 02:48:52] USER Yullkk1: Введите фамилию и имя автора на английском:
[2025-05-26 02:48:59] BOT: Вы искали книги автора: Abram’s
[2025-05-26 02:49:01] BOT: 📚 Книга автора 'Abram’s':
Название: L'OMBRE D'UNE NUIT
Автор: Ak Abram'S
Год: 2012
[2025-05-26 02:49:12] BOT: 🏆 Топ 5 книг:
Название: Sapiens: A Brief History of Humankind
Цена: Â£54.23
Наличие: In stock
Рейтинг: 5

Название: Set Me Free
Цена: Â£17.46
Наличие: In stock
Рейтинг: 5

Название: Scott Pilgrim's Precious Little Life (Scott Pilgrim #1)
Цена: Â£52.29
Наличие: In stock
Рейтинг: 5

Название: Rip it Up and Start Again
Цена: Â£35.02
Наличие: In stock
Рейтинг: 5

Название: Chase Me (Paris Nights #2)
Цена: Â£25.27
Наличие: In stock
Рейтинг: 5


[2025-05-26 02:49:16] USER Yullkk1: Я могу помочь вам найти книги! Вот что я умею:
1. 📖 Случайная книга - Получите информацию о случайной книге.
2. 📚 Выбрать жанр - Выберите жанр книги, чтобы просмотреть доступные книги.
3. 🔍 Поиск книги по слову - Введите слово для поиска книг по названию.
4. 👨‍📚 Поиск книги по автору - Введите имя автора для поиска книг.
5. 🏆 Топ книг - Получите информацию о топе из 5 книг.

[2025-05-26 02:53:12] BOT: 🏆 Топ 5 книг:
Название: Sapiens: A Brief History of Humankind
Цена: Â£54.23
Наличие: In stock
Рейтинг: 5

Название: Set Me Free
Цена: Â£17.46
Наличие: In stock
Рейтинг: 5

Название: Scott Pilgrim's Precious Little Life (Scott Pilgrim #1)
Цена: Â£52.29
Наличие: In stock
Рейтинг: 5

Название: Rip it Up and Start Again
Цена: Â£35.02
Наличие: In stock
Рейтинг: 5

Название: Chase Me (Paris Nights #2)
Цена: Â£25.27
Наличие: In stock
Рейтинг: 5


